<?xml version="1.0" encoding="UTF-8"?>
<coverage generated="1749074663695" clover="3.2.0">
  <project timestamp="1749074663695" name="All files">
    <metrics statements="121" coveredstatements="118" conditionals="46" coveredconditionals="37" methods="34" coveredmethods="32" elements="201" coveredelements="187" complexity="0" loc="121" ncloc="121" packages="2" files="3" classes="3"/>
    <package name="components">
      <metrics statements="25" coveredstatements="23" conditionals="21" coveredconditionals="16" methods="9" coveredmethods="8"/>
      <file name="BlogPost.jsx" path="/Users/sriyareddy/CSC_307_Project/packages/react-frontend/src/components/BlogPost.jsx">
        <metrics statements="25" coveredstatements="23" conditionals="21" coveredconditionals="16" methods="9" coveredmethods="8"/>
        <line num="9" count="1" type="stmt"/>
        <line num="21" count="13" type="stmt"/>
        <line num="22" count="13" type="stmt"/>
        <line num="23" count="13" type="stmt"/>
        <line num="25" count="13" type="cond" truecount="1" falsecount="1"/>
        <line num="27" count="13" type="stmt"/>
        <line num="33" count="13" type="stmt"/>
        <line num="34" count="3" type="stmt"/>
        <line num="37" count="13" type="stmt"/>
        <line num="38" count="3" type="stmt"/>
        <line num="39" count="3" type="stmt"/>
        <line num="42" count="13" type="stmt"/>
        <line num="43" count="2" type="cond" truecount="1" falsecount="1"/>
        <line num="44" count="2" type="stmt"/>
        <line num="47" count="13" type="stmt"/>
        <line num="48" count="0" type="stmt"/>
        <line num="51" count="13" type="stmt"/>
        <line num="52" count="11" type="stmt"/>
        <line num="53" count="3" type="cond" truecount="1" falsecount="1"/>
        <line num="57" count="0" type="stmt"/>
        <line num="61" count="11" type="cond" truecount="2" falsecount="0"/>
        <line num="62" count="3" type="stmt"/>
        <line num="65" count="11" type="stmt"/>
        <line num="66" count="11" type="stmt"/>
        <line num="70" count="13" type="stmt"/>
      </file>
    </package>
    <package name="pages">
      <metrics statements="96" coveredstatements="95" conditionals="25" coveredconditionals="21" methods="25" coveredmethods="24"/>
      <file name="CreatePost.jsx" path="/Users/sriyareddy/CSC_307_Project/packages/react-frontend/src/pages/CreatePost.jsx">
        <metrics statements="53" coveredstatements="53" conditionals="8" coveredconditionals="7" methods="12" coveredmethods="12"/>
        <line num="7" count="16" type="stmt"/>
        <line num="8" count="16" type="stmt"/>
        <line num="9" count="16" type="stmt"/>
        <line num="10" count="16" type="stmt"/>
        <line num="11" count="16" type="stmt"/>
        <line num="12" count="16" type="stmt"/>
        <line num="13" count="16" type="stmt"/>
        <line num="14" count="16" type="stmt"/>
        <line num="15" count="16" type="stmt"/>
        <line num="18" count="16" type="stmt"/>
        <line num="19" count="16" type="stmt"/>
        <line num="20" count="16" type="stmt"/>
        <line num="21" count="16" type="stmt"/>
        <line num="22" count="16" type="stmt"/>
        <line num="24" count="16" type="stmt"/>
        <line num="25" count="4" type="stmt"/>
        <line num="32" count="4" type="stmt"/>
        <line num="34" count="4" type="stmt"/>
        <line num="35" count="4" type="stmt"/>
        <line num="36" count="4" type="stmt"/>
        <line num="37" count="4" type="stmt"/>
        <line num="38" count="4" type="stmt"/>
        <line num="39" count="4" type="stmt"/>
        <line num="40" count="4" type="stmt"/>
        <line num="45" count="16" type="stmt"/>
        <line num="46" count="4" type="stmt"/>
        <line num="47" count="4" type="cond" truecount="1" falsecount="1"/>
        <line num="49" count="4" type="stmt"/>
        <line num="51" count="4" type="stmt"/>
        <line num="52" count="4" type="stmt"/>
        <line num="53" count="4" type="stmt"/>
        <line num="56" count="4" type="stmt"/>
        <line num="57" count="4" type="stmt"/>
        <line num="59" count="4" type="stmt"/>
        <line num="60" count="4" type="stmt"/>
        <line num="71" count="4" type="cond" truecount="2" falsecount="0"/>
        <line num="72" count="1" type="stmt"/>
        <line num="75" count="3" type="stmt"/>
        <line num="77" count="3" type="stmt"/>
        <line num="78" count="3" type="stmt"/>
        <line num="80" count="1" type="stmt"/>
        <line num="81" count="1" type="stmt"/>
        <line num="85" count="16" type="stmt"/>
        <line num="86" count="2" type="stmt"/>
        <line num="99" count="2" type="stmt"/>
        <line num="108" count="2" type="cond" truecount="2" falsecount="0"/>
        <line num="109" count="1" type="stmt"/>
        <line num="112" count="1" type="stmt"/>
        <line num="122" count="1" type="stmt"/>
        <line num="123" count="1" type="stmt"/>
        <line num="127" count="16" type="stmt"/>
        <line num="137" count="2" type="stmt"/>
        <line num="146" count="2" type="stmt"/>
      </file>
      <file name="Profile.jsx" path="/Users/sriyareddy/CSC_307_Project/packages/react-frontend/src/pages/Profile.jsx">
        <metrics statements="43" coveredstatements="42" conditionals="17" coveredconditionals="14" methods="13" coveredmethods="12"/>
        <line num="12" count="4" type="stmt"/>
        <line num="13" count="4" type="cond" truecount="1" falsecount="1"/>
        <line num="15" count="4" type="stmt"/>
        <line num="24" count="4" type="stmt"/>
        <line num="30" count="1" type="stmt"/>
        <line num="31" count="11" type="stmt"/>
        <line num="33" count="11" type="stmt"/>
        <line num="34" count="11" type="stmt"/>
        <line num="35" count="11" type="stmt"/>
        <line num="36" count="11" type="stmt"/>
        <line num="37" count="11" type="stmt"/>
        <line num="38" count="11" type="stmt"/>
        <line num="41" count="11" type="stmt"/>
        <line num="42" count="11" type="stmt"/>
        <line num="46" count="11" type="stmt"/>
        <line num="47" count="5" type="cond" truecount="1" falsecount="1"/>
        <line num="50" count="5" type="stmt"/>
        <line num="57" count="5" type="stmt"/>
        <line num="59" count="5" type="stmt"/>
        <line num="60" count="5" type="stmt"/>
        <line num="61" count="5" type="stmt"/>
        <line num="62" count="5" type="stmt"/>
        <line num="63" count="5" type="stmt"/>
        <line num="64" count="5" type="cond" truecount="2" falsecount="0"/>
        <line num="67" count="5" type="stmt"/>
        <line num="72" count="5" type="cond" truecount="2" falsecount="0"/>
        <line num="73" count="4" type="stmt"/>
        <line num="76" count="4" type="stmt"/>
        <line num="80" count="0" type="stmt"/>
        <line num="82" count="4" type="stmt"/>
        <line num="88" count="2" type="stmt"/>
        <line num="89" count="2" type="stmt"/>
        <line num="99" count="2" type="cond" truecount="2" falsecount="0"/>
        <line num="100" count="1" type="stmt"/>
        <line num="101" count="1" type="stmt"/>
        <line num="106" count="1" type="stmt"/>
        <line num="107" count="1" type="stmt"/>
        <line num="109" count="1" type="stmt"/>
        <line num="110" count="1" type="stmt"/>
        <line num="113" count="1" type="stmt"/>
        <line num="117" count="11" type="stmt"/>
        <line num="162" count="4" type="stmt"/>
        <line num="168" count="2" type="stmt"/>
      </file>
    </package>
  </project>
</coverage>
