<?xml version="1.0" encoding="UTF-8"?>
<coverage generated="1748567103862" clover="3.2.0">
  <project timestamp="1748567103862" name="All files">
    <metrics statements="121" coveredstatements="118" conditionals="46" coveredconditionals="35" methods="34" coveredmethods="32" elements="201" coveredelements="185" complexity="0" loc="121" ncloc="121" packages="2" files="3" classes="3"/>
    <package name="components">
      <metrics statements="25" coveredstatements="23" conditionals="21" coveredconditionals="16" methods="9" coveredmethods="8"/>
      <file name="BlogPost.jsx" path="/Users/sriyareddy/CSC_307_Project/packages/react-frontend/src/components/BlogPost.jsx">
        <metrics statements="25" coveredstatements="23" conditionals="21" coveredconditionals="16" methods="9" coveredmethods="8"/>
        <line num="9" count="1" type="stmt"/>
        <line num="21" count="9" type="stmt"/>
        <line num="22" count="9" type="stmt"/>
        <line num="23" count="9" type="stmt"/>
        <line num="25" count="9" type="cond" truecount="1" falsecount="1"/>
        <line num="27" count="9" type="stmt"/>
        <line num="33" count="9" type="stmt"/>
        <line num="34" count="2" type="stmt"/>
        <line num="37" count="9" type="stmt"/>
        <line num="38" count="2" type="stmt"/>
        <line num="39" count="2" type="stmt"/>
        <line num="42" count="9" type="stmt"/>
        <line num="43" count="2" type="cond" truecount="1" falsecount="1"/>
        <line num="44" count="2" type="stmt"/>
        <line num="47" count="9" type="stmt"/>
        <line num="48" count="0" type="stmt"/>
        <line num="51" count="9" type="stmt"/>
        <line num="52" count="7" type="stmt"/>
        <line num="53" count="2" type="cond" truecount="1" falsecount="1"/>
        <line num="57" count="0" type="stmt"/>
        <line num="61" count="7" type="cond" truecount="2" falsecount="0"/>
        <line num="62" count="2" type="stmt"/>
        <line num="65" count="7" type="stmt"/>
        <line num="66" count="7" type="stmt"/>
        <line num="70" count="9" type="stmt"/>
      </file>
    </package>
    <package name="pages">
      <metrics statements="96" coveredstatements="95" conditionals="25" coveredconditionals="19" methods="25" coveredmethods="24"/>
      <file name="CreatePost.jsx" path="/Users/sriyareddy/CSC_307_Project/packages/react-frontend/src/pages/CreatePost.jsx">
        <metrics statements="53" coveredstatements="53" conditionals="8" coveredconditionals="7" methods="12" coveredmethods="12"/>
        <line num="6" count="16" type="stmt"/>
        <line num="7" count="16" type="stmt"/>
        <line num="8" count="16" type="stmt"/>
        <line num="9" count="16" type="stmt"/>
        <line num="10" count="16" type="stmt"/>
        <line num="11" count="16" type="stmt"/>
        <line num="12" count="16" type="stmt"/>
        <line num="13" count="16" type="stmt"/>
        <line num="14" count="16" type="stmt"/>
        <line num="17" count="16" type="stmt"/>
        <line num="18" count="16" type="stmt"/>
        <line num="19" count="16" type="stmt"/>
        <line num="20" count="16" type="stmt"/>
        <line num="21" count="16" type="stmt"/>
        <line num="23" count="16" type="stmt"/>
        <line num="24" count="4" type="stmt"/>
        <line num="31" count="4" type="stmt"/>
        <line num="33" count="4" type="stmt"/>
        <line num="34" count="4" type="stmt"/>
        <line num="35" count="4" type="stmt"/>
        <line num="36" count="4" type="stmt"/>
        <line num="37" count="4" type="stmt"/>
        <line num="38" count="4" type="stmt"/>
        <line num="39" count="4" type="stmt"/>
        <line num="44" count="16" type="stmt"/>
        <line num="45" count="4" type="stmt"/>
        <line num="46" count="4" type="cond" truecount="1" falsecount="1"/>
        <line num="48" count="4" type="stmt"/>
        <line num="50" count="4" type="stmt"/>
        <line num="51" count="4" type="stmt"/>
        <line num="52" count="4" type="stmt"/>
        <line num="55" count="4" type="stmt"/>
        <line num="56" count="4" type="stmt"/>
        <line num="58" count="4" type="stmt"/>
        <line num="59" count="4" type="stmt"/>
        <line num="67" count="4" type="cond" truecount="2" falsecount="0"/>
        <line num="68" count="1" type="stmt"/>
        <line num="71" count="3" type="stmt"/>
        <line num="73" count="3" type="stmt"/>
        <line num="74" count="3" type="stmt"/>
        <line num="76" count="1" type="stmt"/>
        <line num="77" count="1" type="stmt"/>
        <line num="81" count="16" type="stmt"/>
        <line num="82" count="2" type="stmt"/>
        <line num="95" count="2" type="stmt"/>
        <line num="104" count="2" type="cond" truecount="2" falsecount="0"/>
        <line num="105" count="1" type="stmt"/>
        <line num="108" count="1" type="stmt"/>
        <line num="118" count="1" type="stmt"/>
        <line num="119" count="1" type="stmt"/>
        <line num="123" count="16" type="stmt"/>
        <line num="133" count="2" type="stmt"/>
        <line num="142" count="2" type="stmt"/>
      </file>
      <file name="Profile.jsx" path="/Users/sriyareddy/CSC_307_Project/packages/react-frontend/src/pages/Profile.jsx">
        <metrics statements="43" coveredstatements="42" conditionals="17" coveredconditionals="12" methods="13" coveredmethods="12"/>
        <line num="11" count="3" type="stmt"/>
        <line num="12" count="3" type="cond" truecount="1" falsecount="1"/>
        <line num="14" count="3" type="stmt"/>
        <line num="23" count="3" type="stmt"/>
        <line num="29" count="1" type="stmt"/>
        <line num="30" count="7" type="stmt"/>
        <line num="32" count="7" type="stmt"/>
        <line num="33" count="7" type="stmt"/>
        <line num="34" count="7" type="stmt"/>
        <line num="35" count="7" type="stmt"/>
        <line num="36" count="7" type="stmt"/>
        <line num="37" count="7" type="stmt"/>
        <line num="40" count="7" type="stmt"/>
        <line num="41" count="7" type="stmt"/>
        <line num="43" count="7" type="stmt"/>
        <line num="44" count="3" type="cond" truecount="1" falsecount="1"/>
        <line num="47" count="3" type="stmt"/>
        <line num="54" count="3" type="stmt"/>
        <line num="56" count="3" type="stmt"/>
        <line num="57" count="3" type="stmt"/>
        <line num="58" count="3" type="stmt"/>
        <line num="59" count="3" type="stmt"/>
        <line num="60" count="3" type="stmt"/>
        <line num="61" count="3" type="cond" truecount="2" falsecount="0"/>
        <line num="64" count="3" type="stmt"/>
        <line num="69" count="3" type="cond" truecount="1" falsecount="1"/>
        <line num="70" count="3" type="stmt"/>
        <line num="73" count="3" type="stmt"/>
        <line num="77" count="0" type="stmt"/>
        <line num="79" count="3" type="stmt"/>
        <line num="85" count="2" type="stmt"/>
        <line num="86" count="2" type="stmt"/>
        <line num="96" count="2" type="cond" truecount="2" falsecount="0"/>
        <line num="97" count="1" type="stmt"/>
        <line num="98" count="1" type="stmt"/>
        <line num="103" count="1" type="stmt"/>
        <line num="104" count="1" type="stmt"/>
        <line num="106" count="1" type="stmt"/>
        <line num="107" count="1" type="stmt"/>
        <line num="110" count="1" type="stmt"/>
        <line num="114" count="7" type="stmt"/>
        <line num="159" count="3" type="stmt"/>
        <line num="165" count="2" type="stmt"/>
      </file>
    </package>
  </project>
</coverage>
