{
  "/Users/sriyareddy/CSC_307_Project/packages/react-frontend/src/components/BlogPost.jsx": {
    "path": "/Users/sriyareddy/CSC_307_Project/packages/react-frontend/src/components/BlogPost.jsx",
    "statementMap": {
      "0": {
        "start": { "line": 9, "column": 17 },
        "end": { "line": 172, "column": 1 }
      },
      "1": {
        "start": { "line": 21, "column": 38 },
        "end": { "line": 21, "column": 53 }
      },
      "2": {
        "start": { "line": 22, "column": 40 },
        "end": { "line": 22, "column": 55 }
      },
      "3": {
        "start": { "line": 23, "column": 18 },
        "end": { "line": 23, "column": 30 }
      },
      "4": {
        "start": { "line": 25, "column": 18 },
        "end": { "line": 25, "column": 52 }
      },
      "5": {
        "start": { "line": 27, "column": 24 },
        "end": { "line": 31, "column": 4 }
      },
      "6": {
        "start": { "line": 33, "column": 21 },
        "end": { "line": 35, "column": 3 }
      },
      "7": {
        "start": { "line": 34, "column": 4 },
        "end": { "line": 34, "column": 45 }
      },
      "8": {
        "start": { "line": 34, "column": 33 },
        "end": { "line": 34, "column": 43 }
      },
      "9": {
        "start": { "line": 37, "column": 28 },
        "end": { "line": 40, "column": 3 }
      },
      "10": {
        "start": { "line": 38, "column": 4 },
        "end": { "line": 38, "column": 25 }
      },
      "11": {
        "start": { "line": 39, "column": 4 },
        "end": { "line": 39, "column": 25 }
      },
      "12": {
        "start": { "line": 42, "column": 30 },
        "end": { "line": 45, "column": 3 }
      },
      "13": {
        "start": { "line": 43, "column": 4 },
        "end": { "line": 43, "column": 29 }
      },
      "14": {
        "start": { "line": 43, "column": 18 },
        "end": { "line": 43, "column": 29 }
      },
      "15": {
        "start": { "line": 44, "column": 4 },
        "end": { "line": 44, "column": 26 }
      },
      "16": {
        "start": { "line": 47, "column": 29 },
        "end": { "line": 49, "column": 3 }
      },
      "17": {
        "start": { "line": 48, "column": 4 },
        "end": { "line": 48, "column": 26 }
      },
      "18": {
        "start": { "line": 51, "column": 2 },
        "end": { "line": 68, "column": 19 }
      },
      "19": {
        "start": { "line": 52, "column": 31 },
        "end": { "line": 59, "column": 5 }
      },
      "20": {
        "start": { "line": 53, "column": 6 },
        "end": { "line": 58, "column": 7 }
      },
      "21": {
        "start": { "line": 57, "column": 8 },
        "end": { "line": 57, "column": 29 }
      },
      "22": {
        "start": { "line": 61, "column": 4 },
        "end": { "line": 63, "column": 5 }
      },
      "23": {
        "start": { "line": 62, "column": 6 },
        "end": { "line": 62, "column": 61 }
      },
      "24": {
        "start": { "line": 65, "column": 4 },
        "end": { "line": 67, "column": 6 }
      },
      "25": {
        "start": { "line": 66, "column": 6 },
        "end": { "line": 66, "column": 64 }
      },
      "26": {
        "start": { "line": 70, "column": 2 },
        "end": { "line": 171, "column": 4 }
      }
    },
    "fnMap": {
      "0": {
        "name": "(anonymous_0)",
        "decl": {
          "start": { "line": 9, "column": 17 },
          "end": { "line": 9, "column": 18 }
        },
        "loc": {
          "start": { "line": 20, "column": 6 },
          "end": { "line": 172, "column": 1 }
        },
        "line": 20
      },
      "1": {
        "name": "(anonymous_1)",
        "decl": {
          "start": { "line": 33, "column": 21 },
          "end": { "line": 33, "column": 22 }
        },
        "loc": {
          "start": { "line": 33, "column": 27 },
          "end": { "line": 35, "column": 3 }
        },
        "line": 33
      },
      "2": {
        "name": "(anonymous_2)",
        "decl": {
          "start": { "line": 34, "column": 18 },
          "end": { "line": 34, "column": 19 }
        },
        "loc": {
          "start": { "line": 34, "column": 33 },
          "end": { "line": 34, "column": 43 }
        },
        "line": 34
      },
      "3": {
        "name": "(anonymous_3)",
        "decl": {
          "start": { "line": 37, "column": 28 },
          "end": { "line": 37, "column": 29 }
        },
        "loc": {
          "start": { "line": 37, "column": 34 },
          "end": { "line": 40, "column": 3 }
        },
        "line": 37
      },
      "4": {
        "name": "(anonymous_4)",
        "decl": {
          "start": { "line": 42, "column": 30 },
          "end": { "line": 42, "column": 31 }
        },
        "loc": {
          "start": { "line": 42, "column": 36 },
          "end": { "line": 45, "column": 3 }
        },
        "line": 42
      },
      "5": {
        "name": "(anonymous_5)",
        "decl": {
          "start": { "line": 47, "column": 29 },
          "end": { "line": 47, "column": 30 }
        },
        "loc": {
          "start": { "line": 47, "column": 35 },
          "end": { "line": 49, "column": 3 }
        },
        "line": 47
      },
      "6": {
        "name": "(anonymous_6)",
        "decl": {
          "start": { "line": 51, "column": 12 },
          "end": { "line": 51, "column": 13 }
        },
        "loc": {
          "start": { "line": 51, "column": 18 },
          "end": { "line": 68, "column": 3 }
        },
        "line": 51
      },
      "7": {
        "name": "(anonymous_7)",
        "decl": {
          "start": { "line": 52, "column": 31 },
          "end": { "line": 52, "column": 32 }
        },
        "loc": {
          "start": { "line": 52, "column": 42 },
          "end": { "line": 59, "column": 5 }
        },
        "line": 52
      },
      "8": {
        "name": "(anonymous_8)",
        "decl": {
          "start": { "line": 65, "column": 11 },
          "end": { "line": 65, "column": 12 }
        },
        "loc": {
          "start": { "line": 65, "column": 17 },
          "end": { "line": 67, "column": 5 }
        },
        "line": 65
      }
    },
    "branchMap": {
      "0": {
        "loc": {
          "start": { "line": 19, "column": 2 },
          "end": { "line": 19, "column": 17 }
        },
        "type": "default-arg",
        "locations": [
          {
            "start": { "line": 19, "column": 12 },
            "end": { "line": 19, "column": 17 }
          }
        ],
        "line": 19
      },
      "1": {
        "loc": {
          "start": { "line": 25, "column": 18 },
          "end": { "line": 25, "column": 52 }
        },
        "type": "cond-expr",
        "locations": [
          {
            "start": { "line": 25, "column": 25 },
            "end": { "line": 25, "column": 39 }
          },
          {
            "start": { "line": 25, "column": 42 },
            "end": { "line": 25, "column": 52 }
          }
        ],
        "line": 25
      },
      "2": {
        "loc": {
          "start": { "line": 43, "column": 4 },
          "end": { "line": 43, "column": 29 }
        },
        "type": "if",
        "locations": [
          {
            "start": { "line": 43, "column": 4 },
            "end": { "line": 43, "column": 29 }
          },
          { "start": {}, "end": {} }
        ],
        "line": 43
      },
      "3": {
        "loc": {
          "start": { "line": 53, "column": 6 },
          "end": { "line": 58, "column": 7 }
        },
        "type": "if",
        "locations": [
          {
            "start": { "line": 53, "column": 6 },
            "end": { "line": 58, "column": 7 }
          },
          { "start": {}, "end": {} }
        ],
        "line": 53
      },
      "4": {
        "loc": {
          "start": { "line": 54, "column": 8 },
          "end": { "line": 55, "column": 47 }
        },
        "type": "binary-expr",
        "locations": [
          {
            "start": { "line": 54, "column": 8 },
            "end": { "line": 54, "column": 23 }
          },
          {
            "start": { "line": 55, "column": 8 },
            "end": { "line": 55, "column": 47 }
          }
        ],
        "line": 54
      },
      "5": {
        "loc": {
          "start": { "line": 61, "column": 4 },
          "end": { "line": 63, "column": 5 }
        },
        "type": "if",
        "locations": [
          {
            "start": { "line": 61, "column": 4 },
            "end": { "line": 63, "column": 5 }
          },
          { "start": {}, "end": {} }
        ],
        "line": 61
      },
      "6": {
        "loc": {
          "start": { "line": 72, "column": 7 },
          "end": { "line": 86, "column": 7 }
        },
        "type": "binary-expr",
        "locations": [
          {
            "start": { "line": 72, "column": 7 },
            "end": { "line": 72, "column": 17 }
          },
          {
            "start": { "line": 73, "column": 8 },
            "end": { "line": 85, "column": 14 }
          }
        ],
        "line": 72
      },
      "7": {
        "loc": {
          "start": { "line": 98, "column": 9 },
          "end": { "line": 124, "column": 9 }
        },
        "type": "binary-expr",
        "locations": [
          {
            "start": { "line": 98, "column": 9 },
            "end": { "line": 98, "column": 16 }
          },
          {
            "start": { "line": 99, "column": 10 },
            "end": { "line": 123, "column": 16 }
          }
        ],
        "line": 98
      },
      "8": {
        "loc": {
          "start": { "line": 106, "column": 13 },
          "end": { "line": 122, "column": 13 }
        },
        "type": "binary-expr",
        "locations": [
          {
            "start": { "line": 106, "column": 13 },
            "end": { "line": 106, "column": 23 }
          },
          {
            "start": { "line": 107, "column": 14 },
            "end": { "line": 121, "column": 20 }
          }
        ],
        "line": 106
      },
      "9": {
        "loc": {
          "start": { "line": 128, "column": 7 },
          "end": { "line": 136, "column": 7 }
        },
        "type": "binary-expr",
        "locations": [
          {
            "start": { "line": 128, "column": 7 },
            "end": { "line": 128, "column": 12 }
          },
          {
            "start": { "line": 129, "column": 8 },
            "end": { "line": 135, "column": 14 }
          }
        ],
        "line": 128
      },
      "10": {
        "loc": {
          "start": { "line": 138, "column": 7 },
          "end": { "line": 169, "column": 7 }
        },
        "type": "binary-expr",
        "locations": [
          {
            "start": { "line": 138, "column": 7 },
            "end": { "line": 138, "column": 18 }
          },
          {
            "start": { "line": 139, "column": 8 },
            "end": { "line": 168, "column": 14 }
          }
        ],
        "line": 138
      }
    },
    "s": {
      "0": 1,
      "1": 13,
      "2": 13,
      "3": 13,
      "4": 13,
      "5": 13,
      "6": 13,
      "7": 3,
      "8": 3,
      "9": 13,
      "10": 3,
      "11": 3,
      "12": 13,
      "13": 2,
      "14": 2,
      "15": 2,
      "16": 13,
      "17": 0,
      "18": 13,
      "19": 11,
      "20": 3,
      "21": 0,
      "22": 11,
      "23": 3,
      "24": 11,
      "25": 11,
      "26": 13
    },
    "f": {
      "0": 13,
      "1": 3,
      "2": 3,
      "3": 3,
      "4": 2,
      "5": 0,
      "6": 11,
      "7": 3,
      "8": 11
    },
    "b": {
      "0": [0],
      "1": [13, 0],
      "2": [2, 0],
      "3": [0, 3],
      "4": [3, 3],
      "5": [3, 8],
      "6": [13, 0],
      "7": [13, 13],
      "8": [13, 3],
      "9": [13, 10],
      "10": [13, 3]
    },
    "_coverageSchema": "1a1c01bbd47fc00a2c39e90264f33305004495a9",
    "hash": "0c3ef0014cbbec63e99d7d7f330d885c56239ee8"
  },
  "/Users/sriyareddy/CSC_307_Project/packages/react-frontend/src/pages/CreatePost.jsx": {
    "path": "/Users/sriyareddy/CSC_307_Project/packages/react-frontend/src/pages/CreatePost.jsx",
    "statementMap": {
      "0": {
        "start": { "line": 7, "column": 28 },
        "end": { "line": 7, "column": 40 }
      },
      "1": {
        "start": { "line": 8, "column": 32 },
        "end": { "line": 8, "column": 44 }
      },
      "2": {
        "start": { "line": 9, "column": 36 },
        "end": { "line": 9, "column": 50 }
      },
      "3": {
        "start": { "line": 10, "column": 42 },
        "end": { "line": 10, "column": 56 }
      },
      "4": {
        "start": { "line": 11, "column": 34 },
        "end": { "line": 11, "column": 48 }
      },
      "5": {
        "start": { "line": 12, "column": 44 },
        "end": { "line": 12, "column": 58 }
      },
      "6": {
        "start": { "line": 13, "column": 19 },
        "end": { "line": 13, "column": 32 }
      },
      "7": {
        "start": { "line": 14, "column": 16 },
        "end": { "line": 14, "column": 49 }
      },
      "8": {
        "start": { "line": 15, "column": 30 },
        "end": { "line": 17, "column": 3 }
      },
      "9": {
        "start": { "line": 18, "column": 26 },
        "end": { "line": 18, "column": 47 }
      },
      "10": {
        "start": { "line": 19, "column": 28 },
        "end": { "line": 19, "column": 42 }
      },
      "11": {
        "start": { "line": 20, "column": 34 },
        "end": { "line": 20, "column": 50 }
      },
      "12": {
        "start": { "line": 21, "column": 45 },
        "end": { "line": 21, "column": 59 }
      },
      "13": {
        "start": { "line": 22, "column": 45 },
        "end": { "line": 22, "column": 59 }
      },
      "14": {
        "start": { "line": 24, "column": 2 },
        "end": { "line": 43, "column": 9 }
      },
      "15": {
        "start": { "line": 25, "column": 4 },
        "end": { "line": 42, "column": 28 }
      },
      "16": {
        "start": { "line": 32, "column": 21 },
        "end": { "line": 32, "column": 31 }
      },
      "17": {
        "start": { "line": 34, "column": 21 },
        "end": { "line": 34, "column": 30 }
      },
      "18": {
        "start": { "line": 35, "column": 8 },
        "end": { "line": 35, "column": 28 }
      },
      "19": {
        "start": { "line": 36, "column": 8 },
        "end": { "line": 36, "column": 27 }
      },
      "20": {
        "start": { "line": 37, "column": 8 },
        "end": { "line": 37, "column": 29 }
      },
      "21": {
        "start": { "line": 38, "column": 8 },
        "end": { "line": 38, "column": 31 }
      },
      "22": {
        "start": { "line": 39, "column": 8 },
        "end": { "line": 39, "column": 46 }
      },
      "23": {
        "start": { "line": 40, "column": 8 },
        "end": { "line": 40, "column": 46 }
      },
      "24": {
        "start": { "line": 45, "column": 28 },
        "end": { "line": 83, "column": 3 }
      },
      "25": {
        "start": { "line": 46, "column": 17 },
        "end": { "line": 46, "column": 34 }
      },
      "26": {
        "start": { "line": 47, "column": 4 },
        "end": { "line": 47, "column": 22 }
      },
      "27": {
        "start": { "line": 47, "column": 15 },
        "end": { "line": 47, "column": 22 }
      },
      "28": {
        "start": { "line": 49, "column": 4 },
        "end": { "line": 49, "column": 23 }
      },
      "29": {
        "start": { "line": 51, "column": 19 },
        "end": { "line": 51, "column": 35 }
      },
      "30": {
        "start": { "line": 52, "column": 4 },
        "end": { "line": 52, "column": 60 }
      },
      "31": {
        "start": { "line": 52, "column": 29 },
        "end": { "line": 52, "column": 59 }
      },
      "32": {
        "start": { "line": 53, "column": 4 },
        "end": { "line": 53, "column": 31 }
      },
      "33": {
        "start": { "line": 56, "column": 21 },
        "end": { "line": 56, "column": 35 }
      },
      "34": {
        "start": { "line": 57, "column": 4 },
        "end": { "line": 57, "column": 34 }
      },
      "35": {
        "start": { "line": 59, "column": 4 },
        "end": { "line": 82, "column": 5 }
      },
      "36": {
        "start": { "line": 60, "column": 18 },
        "end": { "line": 69, "column": 7 }
      },
      "37": {
        "start": { "line": 71, "column": 6 },
        "end": { "line": 74, "column": 10 }
      },
      "38": {
        "start": { "line": 72, "column": 8 },
        "end": { "line": 74, "column": 10 }
      },
      "39": {
        "start": { "line": 75, "column": 19 },
        "end": { "line": 75, "column": 35 }
      },
      "40": {
        "start": { "line": 77, "column": 6 },
        "end": { "line": 77, "column": 33 }
      },
      "41": {
        "start": { "line": 78, "column": 6 },
        "end": { "line": 78, "column": 38 }
      },
      "42": {
        "start": { "line": 80, "column": 6 },
        "end": { "line": 80, "column": 49 }
      },
      "43": {
        "start": { "line": 81, "column": 6 },
        "end": { "line": 81, "column": 36 }
      },
      "44": {
        "start": { "line": 85, "column": 24 },
        "end": { "line": 125, "column": 3 }
      },
      "45": {
        "start": { "line": 86, "column": 20 },
        "end": { "line": 97, "column": 5 }
      },
      "46": {
        "start": { "line": 99, "column": 4 },
        "end": { "line": 124, "column": 9 }
      },
      "47": {
        "start": { "line": 108, "column": 8 },
        "end": { "line": 108, "column": 61 }
      },
      "48": {
        "start": { "line": 108, "column": 21 },
        "end": { "line": 108, "column": 61 }
      },
      "49": {
        "start": { "line": 109, "column": 8 },
        "end": { "line": 109, "column": 26 }
      },
      "50": {
        "start": { "line": 112, "column": 8 },
        "end": { "line": 119, "column": 11 }
      },
      "51": {
        "start": { "line": 122, "column": 8 },
        "end": { "line": 122, "column": 46 }
      },
      "52": {
        "start": { "line": 123, "column": 8 },
        "end": { "line": 123, "column": 43 }
      },
      "53": {
        "start": { "line": 127, "column": 2 },
        "end": { "line": 184, "column": 4 }
      },
      "54": {
        "start": { "line": 137, "column": 27 },
        "end": { "line": 137, "column": 51 }
      },
      "55": {
        "start": { "line": 146, "column": 27 },
        "end": { "line": 146, "column": 53 }
      }
    },
    "fnMap": {
      "0": {
        "name": "CreatePost",
        "decl": {
          "start": { "line": 6, "column": 24 },
          "end": { "line": 6, "column": 34 }
        },
        "loc": {
          "start": { "line": 6, "column": 37 },
          "end": { "line": 185, "column": 1 }
        },
        "line": 6
      },
      "1": {
        "name": "(anonymous_1)",
        "decl": {
          "start": { "line": 24, "column": 12 },
          "end": { "line": 24, "column": 13 }
        },
        "loc": {
          "start": { "line": 24, "column": 18 },
          "end": { "line": 43, "column": 3 }
        },
        "line": 24
      },
      "2": {
        "name": "(anonymous_2)",
        "decl": {
          "start": { "line": 32, "column": 12 },
          "end": { "line": 32, "column": 13 }
        },
        "loc": {
          "start": { "line": 32, "column": 21 },
          "end": { "line": 32, "column": 31 }
        },
        "line": 32
      },
      "3": {
        "name": "(anonymous_3)",
        "decl": {
          "start": { "line": 33, "column": 12 },
          "end": { "line": 33, "column": 13 }
        },
        "loc": {
          "start": { "line": 33, "column": 22 },
          "end": { "line": 41, "column": 7 }
        },
        "line": 33
      },
      "4": {
        "name": "(anonymous_4)",
        "decl": {
          "start": { "line": 45, "column": 28 },
          "end": { "line": 45, "column": 29 }
        },
        "loc": {
          "start": { "line": 45, "column": 41 },
          "end": { "line": 83, "column": 3 }
        },
        "line": 45
      },
      "5": {
        "name": "(anonymous_5)",
        "decl": {
          "start": { "line": 52, "column": 23 },
          "end": { "line": 52, "column": 24 }
        },
        "loc": {
          "start": { "line": 52, "column": 29 },
          "end": { "line": 52, "column": 59 }
        },
        "line": 52
      },
      "6": {
        "name": "(anonymous_6)",
        "decl": {
          "start": { "line": 85, "column": 24 },
          "end": { "line": 85, "column": 25 }
        },
        "loc": {
          "start": { "line": 85, "column": 30 },
          "end": { "line": 125, "column": 3 }
        },
        "line": 85
      },
      "7": {
        "name": "(anonymous_7)",
        "decl": {
          "start": { "line": 107, "column": 12 },
          "end": { "line": 107, "column": 13 }
        },
        "loc": {
          "start": { "line": 107, "column": 21 },
          "end": { "line": 110, "column": 7 }
        },
        "line": 107
      },
      "8": {
        "name": "(anonymous_8)",
        "decl": {
          "start": { "line": 111, "column": 12 },
          "end": { "line": 111, "column": 13 }
        },
        "loc": {
          "start": { "line": 111, "column": 27 },
          "end": { "line": 120, "column": 7 }
        },
        "line": 111
      },
      "9": {
        "name": "(anonymous_9)",
        "decl": {
          "start": { "line": 121, "column": 13 },
          "end": { "line": 121, "column": 14 }
        },
        "loc": {
          "start": { "line": 121, "column": 22 },
          "end": { "line": 124, "column": 7 }
        },
        "line": 121
      },
      "10": {
        "name": "(anonymous_10)",
        "decl": {
          "start": { "line": 137, "column": 20 },
          "end": { "line": 137, "column": 21 }
        },
        "loc": {
          "start": { "line": 137, "column": 27 },
          "end": { "line": 137, "column": 51 }
        },
        "line": 137
      },
      "11": {
        "name": "(anonymous_11)",
        "decl": {
          "start": { "line": 146, "column": 20 },
          "end": { "line": 146, "column": 21 }
        },
        "loc": {
          "start": { "line": 146, "column": 27 },
          "end": { "line": 146, "column": 53 }
        },
        "line": 146
      }
    },
    "branchMap": {
      "0": {
        "loc": {
          "start": { "line": 47, "column": 4 },
          "end": { "line": 47, "column": 22 }
        },
        "type": "if",
        "locations": [
          {
            "start": { "line": 47, "column": 4 },
            "end": { "line": 47, "column": 22 }
          },
          { "start": {}, "end": {} }
        ],
        "line": 47
      },
      "1": {
        "loc": {
          "start": { "line": 71, "column": 6 },
          "end": { "line": 74, "column": 10 }
        },
        "type": "if",
        "locations": [
          {
            "start": { "line": 71, "column": 6 },
            "end": { "line": 74, "column": 10 }
          },
          { "start": {}, "end": {} }
        ],
        "line": 71
      },
      "2": {
        "loc": {
          "start": { "line": 108, "column": 8 },
          "end": { "line": 108, "column": 61 }
        },
        "type": "if",
        "locations": [
          {
            "start": { "line": 108, "column": 8 },
            "end": { "line": 108, "column": 61 }
          },
          { "start": {}, "end": {} }
        ],
        "line": 108
      },
      "3": {
        "loc": {
          "start": { "line": 165, "column": 7 },
          "end": { "line": 176, "column": 7 }
        },
        "type": "binary-expr",
        "locations": [
          {
            "start": { "line": 165, "column": 7 },
            "end": { "line": 165, "column": 19 }
          },
          {
            "start": { "line": 166, "column": 8 },
            "end": { "line": 175, "column": 10 }
          }
        ],
        "line": 165
      }
    },
    "s": {
      "0": 16,
      "1": 16,
      "2": 16,
      "3": 16,
      "4": 16,
      "5": 16,
      "6": 16,
      "7": 16,
      "8": 16,
      "9": 16,
      "10": 16,
      "11": 16,
      "12": 16,
      "13": 16,
      "14": 16,
      "15": 4,
      "16": 4,
      "17": 4,
      "18": 4,
      "19": 4,
      "20": 4,
      "21": 4,
      "22": 4,
      "23": 4,
      "24": 16,
      "25": 4,
      "26": 4,
      "27": 0,
      "28": 4,
      "29": 4,
      "30": 4,
      "31": 4,
      "32": 4,
      "33": 4,
      "34": 4,
      "35": 4,
      "36": 4,
      "37": 4,
      "38": 1,
      "39": 3,
      "40": 3,
      "41": 3,
      "42": 1,
      "43": 1,
      "44": 16,
      "45": 2,
      "46": 2,
      "47": 2,
      "48": 1,
      "49": 1,
      "50": 1,
      "51": 1,
      "52": 1,
      "53": 16,
      "54": 2,
      "55": 2
    },
    "f": {
      "0": 16,
      "1": 4,
      "2": 4,
      "3": 4,
      "4": 4,
      "5": 4,
      "6": 2,
      "7": 2,
      "8": 1,
      "9": 1,
      "10": 2,
      "11": 2
    },
    "b": {
      "0": [0, 4],
      "1": [1, 3],
      "2": [1, 1],
      "3": [16, 3]
    },
    "_coverageSchema": "1a1c01bbd47fc00a2c39e90264f33305004495a9",
    "hash": "3601083c99d9a7694446a936fe6e86913f162279"
  },
  "/Users/sriyareddy/CSC_307_Project/packages/react-frontend/src/pages/Profile.jsx": {
    "path": "/Users/sriyareddy/CSC_307_Project/packages/react-frontend/src/pages/Profile.jsx",
    "statementMap": {
      "0": {
        "start": { "line": 12, "column": 15 },
        "end": { "line": 12, "column": 34 }
      },
      "1": {
        "start": { "line": 13, "column": 2 },
        "end": { "line": 13, "column": 29 }
      },
      "2": {
        "start": { "line": 13, "column": 19 },
        "end": { "line": 13, "column": 29 }
      },
      "3": {
        "start": { "line": 15, "column": 19 },
        "end": { "line": 22, "column": 3 }
      },
      "4": {
        "start": { "line": 24, "column": 2 },
        "end": { "line": 27, "column": 5 }
      },
      "5": {
        "start": { "line": 30, "column": 16 },
        "end": { "line": 176, "column": 1 }
      },
      "6": {
        "start": { "line": 31, "column": 25 },
        "end": { "line": 31, "column": 44 }
      },
      "7": {
        "start": { "line": 33, "column": 18 },
        "end": { "line": 33, "column": 48 }
      },
      "8": {
        "start": { "line": 34, "column": 28 },
        "end": { "line": 34, "column": 40 }
      },
      "9": {
        "start": { "line": 35, "column": 34 },
        "end": { "line": 35, "column": 46 }
      },
      "10": {
        "start": { "line": 36, "column": 28 },
        "end": { "line": 36, "column": 40 }
      },
      "11": {
        "start": { "line": 37, "column": 26 },
        "end": { "line": 37, "column": 38 }
      },
      "12": {
        "start": { "line": 38, "column": 30 },
        "end": { "line": 40, "column": 3 }
      },
      "13": {
        "start": { "line": 41, "column": 42 },
        "end": { "line": 41, "column": 56 }
      },
      "14": {
        "start": { "line": 42, "column": 16 },
        "end": { "line": 42, "column": 49 }
      },
      "15": {
        "start": { "line": 46, "column": 2 },
        "end": { "line": 85, "column": 9 }
      },
      "16": {
        "start": { "line": 47, "column": 4 },
        "end": { "line": 47, "column": 23 }
      },
      "17": {
        "start": { "line": 47, "column": 16 },
        "end": { "line": 47, "column": 23 }
      },
      "18": {
        "start": { "line": 50, "column": 4 },
        "end": { "line": 84, "column": 28 }
      },
      "19": {
        "start": { "line": 57, "column": 21 },
        "end": { "line": 57, "column": 31 }
      },
      "20": {
        "start": { "line": 59, "column": 21 },
        "end": { "line": 59, "column": 30 }
      },
      "21": {
        "start": { "line": 60, "column": 8 },
        "end": { "line": 60, "column": 31 }
      },
      "22": {
        "start": { "line": 61, "column": 8 },
        "end": { "line": 61, "column": 29 }
      },
      "23": {
        "start": { "line": 62, "column": 8 },
        "end": { "line": 62, "column": 27 }
      },
      "24": {
        "start": { "line": 63, "column": 8 },
        "end": { "line": 63, "column": 28 }
      },
      "25": {
        "start": { "line": 64, "column": 8 },
        "end": { "line": 64, "column": 54 }
      },
      "26": {
        "start": { "line": 67, "column": 8 },
        "end": { "line": 69, "column": 10 }
      },
      "27": {
        "start": { "line": 72, "column": 8 },
        "end": { "line": 72, "column": 62 }
      },
      "28": {
        "start": { "line": 72, "column": 21 },
        "end": { "line": 72, "column": 62 }
      },
      "29": {
        "start": { "line": 73, "column": 8 },
        "end": { "line": 73, "column": 26 }
      },
      "30": {
        "start": { "line": 76, "column": 23 },
        "end": { "line": 81, "column": 11 }
      },
      "31": {
        "start": { "line": 80, "column": 14 },
        "end": { "line": 80, "column": 59 }
      },
      "32": {
        "start": { "line": 82, "column": 8 },
        "end": { "line": 82, "column": 25 }
      },
      "33": {
        "start": { "line": 88, "column": 4 },
        "end": { "line": 114, "column": 5 }
      },
      "34": {
        "start": { "line": 89, "column": 23 },
        "end": { "line": 97, "column": 7 }
      },
      "35": {
        "start": { "line": 99, "column": 6 },
        "end": { "line": 104, "column": 7 }
      },
      "36": {
        "start": { "line": 100, "column": 26 },
        "end": { "line": 100, "column": 47 }
      },
      "37": {
        "start": { "line": 101, "column": 8 },
        "end": { "line": 103, "column": 10 }
      },
      "38": {
        "start": { "line": 106, "column": 19 },
        "end": { "line": 106, "column": 40 }
      },
      "39": {
        "start": { "line": 107, "column": 6 },
        "end": { "line": 107, "column": 54 }
      },
      "40": {
        "start": { "line": 109, "column": 6 },
        "end": { "line": 111, "column": 8 }
      },
      "41": {
        "start": { "line": 110, "column": 8 },
        "end": { "line": 110, "column": 55 }
      },
      "42": {
        "start": { "line": 110, "column": 35 },
        "end": { "line": 110, "column": 54 }
      },
      "43": {
        "start": { "line": 113, "column": 6 },
        "end": { "line": 113, "column": 59 }
      },
      "44": {
        "start": { "line": 117, "column": 2 },
        "end": { "line": 175, "column": 4 }
      },
      "45": {
        "start": { "line": 162, "column": 12 },
        "end": { "line": 170, "column": 14 }
      },
      "46": {
        "start": { "line": 168, "column": 30 },
        "end": { "line": 168, "column": 52 }
      }
    },
    "fnMap": {
      "0": {
        "name": "formatDateTime",
        "decl": {
          "start": { "line": 11, "column": 9 },
          "end": { "line": 11, "column": 23 }
        },
        "loc": {
          "start": { "line": 11, "column": 49 },
          "end": { "line": 28, "column": 1 }
        },
        "line": 11
      },
      "1": {
        "name": "(anonymous_1)",
        "decl": {
          "start": { "line": 30, "column": 16 },
          "end": { "line": 30, "column": 17 }
        },
        "loc": {
          "start": { "line": 30, "column": 22 },
          "end": { "line": 176, "column": 1 }
        },
        "line": 30
      },
      "2": {
        "name": "(anonymous_2)",
        "decl": {
          "start": { "line": 46, "column": 12 },
          "end": { "line": 46, "column": 13 }
        },
        "loc": {
          "start": { "line": 46, "column": 18 },
          "end": { "line": 85, "column": 3 }
        },
        "line": 46
      },
      "3": {
        "name": "(anonymous_3)",
        "decl": {
          "start": { "line": 57, "column": 12 },
          "end": { "line": 57, "column": 13 }
        },
        "loc": {
          "start": { "line": 57, "column": 21 },
          "end": { "line": 57, "column": 31 }
        },
        "line": 57
      },
      "4": {
        "name": "(anonymous_4)",
        "decl": {
          "start": { "line": 58, "column": 12 },
          "end": { "line": 58, "column": 13 }
        },
        "loc": {
          "start": { "line": 58, "column": 22 },
          "end": { "line": 70, "column": 7 }
        },
        "line": 58
      },
      "5": {
        "name": "(anonymous_5)",
        "decl": {
          "start": { "line": 71, "column": 12 },
          "end": { "line": 71, "column": 13 }
        },
        "loc": {
          "start": { "line": 71, "column": 21 },
          "end": { "line": 74, "column": 7 }
        },
        "line": 71
      },
      "6": {
        "name": "(anonymous_6)",
        "decl": {
          "start": { "line": 75, "column": 12 },
          "end": { "line": 75, "column": 13 }
        },
        "loc": {
          "start": { "line": 75, "column": 30 },
          "end": { "line": 83, "column": 7 }
        },
        "line": 75
      },
      "7": {
        "name": "(anonymous_7)",
        "decl": {
          "start": { "line": 79, "column": 12 },
          "end": { "line": 79, "column": 13 }
        },
        "loc": {
          "start": { "line": 80, "column": 14 },
          "end": { "line": 80, "column": 59 }
        },
        "line": 80
      },
      "8": {
        "name": "handleDelete",
        "decl": {
          "start": { "line": 87, "column": 17 },
          "end": { "line": 87, "column": 29 }
        },
        "loc": {
          "start": { "line": 87, "column": 38 },
          "end": { "line": 115, "column": 3 }
        },
        "line": 87
      },
      "9": {
        "name": "(anonymous_9)",
        "decl": {
          "start": { "line": 109, "column": 15 },
          "end": { "line": 109, "column": 16 }
        },
        "loc": {
          "start": { "line": 110, "column": 8 },
          "end": { "line": 110, "column": 55 }
        },
        "line": 110
      },
      "10": {
        "name": "(anonymous_10)",
        "decl": {
          "start": { "line": 110, "column": 25 },
          "end": { "line": 110, "column": 26 }
        },
        "loc": {
          "start": { "line": 110, "column": 35 },
          "end": { "line": 110, "column": 54 }
        },
        "line": 110
      },
      "11": {
        "name": "(anonymous_11)",
        "decl": {
          "start": { "line": 161, "column": 21 },
          "end": { "line": 161, "column": 22 }
        },
        "loc": {
          "start": { "line": 162, "column": 12 },
          "end": { "line": 170, "column": 14 }
        },
        "line": 162
      },
      "12": {
        "name": "(anonymous_12)",
        "decl": {
          "start": { "line": 168, "column": 24 },
          "end": { "line": 168, "column": 25 }
        },
        "loc": {
          "start": { "line": 168, "column": 30 },
          "end": { "line": 168, "column": 52 }
        },
        "line": 168
      }
    },
    "branchMap": {
      "0": {
        "loc": {
          "start": { "line": 11, "column": 35 },
          "end": { "line": 11, "column": 47 }
        },
        "type": "default-arg",
        "locations": [
          {
            "start": { "line": 11, "column": 45 },
            "end": { "line": 11, "column": 47 }
          }
        ],
        "line": 11
      },
      "1": {
        "loc": {
          "start": { "line": 13, "column": 2 },
          "end": { "line": 13, "column": 29 }
        },
        "type": "if",
        "locations": [
          {
            "start": { "line": 13, "column": 2 },
            "end": { "line": 13, "column": 29 }
          },
          { "start": {}, "end": {} }
        ],
        "line": 13
      },
      "2": {
        "loc": {
          "start": { "line": 47, "column": 4 },
          "end": { "line": 47, "column": 23 }
        },
        "type": "if",
        "locations": [
          {
            "start": { "line": 47, "column": 4 },
            "end": { "line": 47, "column": 23 }
          },
          { "start": {}, "end": {} }
        ],
        "line": 47
      },
      "3": {
        "loc": {
          "start": { "line": 64, "column": 24 },
          "end": { "line": 64, "column": 52 }
        },
        "type": "binary-expr",
        "locations": [
          {
            "start": { "line": 64, "column": 24 },
            "end": { "line": 64, "column": 44 }
          },
          {
            "start": { "line": 64, "column": 48 },
            "end": { "line": 64, "column": 52 }
          }
        ],
        "line": 64
      },
      "4": {
        "loc": {
          "start": { "line": 72, "column": 8 },
          "end": { "line": 72, "column": 62 }
        },
        "type": "if",
        "locations": [
          {
            "start": { "line": 72, "column": 8 },
            "end": { "line": 72, "column": 62 }
          },
          { "start": {}, "end": {} }
        ],
        "line": 72
      },
      "5": {
        "loc": {
          "start": { "line": 99, "column": 6 },
          "end": { "line": 104, "column": 7 }
        },
        "type": "if",
        "locations": [
          {
            "start": { "line": 99, "column": 6 },
            "end": { "line": 104, "column": 7 }
          },
          { "start": {}, "end": {} }
        ],
        "line": 99
      },
      "6": {
        "loc": {
          "start": { "line": 102, "column": 10 },
          "end": { "line": 102, "column": 53 }
        },
        "type": "binary-expr",
        "locations": [
          {
            "start": { "line": 102, "column": 10 },
            "end": { "line": 102, "column": 25 }
          },
          {
            "start": { "line": 102, "column": 29 },
            "end": { "line": 102, "column": 53 }
          }
        ],
        "line": 102
      },
      "7": {
        "loc": {
          "start": { "line": 121, "column": 11 },
          "end": { "line": 129, "column": 11 }
        },
        "type": "cond-expr",
        "locations": [
          {
            "start": { "line": 122, "column": 12 },
            "end": { "line": 126, "column": 14 }
          },
          {
            "start": { "line": 128, "column": 12 },
            "end": { "line": 128, "column": 50 }
          }
        ],
        "line": 121
      },
      "8": {
        "loc": {
          "start": { "line": 157, "column": 7 },
          "end": { "line": 173, "column": 7 }
        },
        "type": "cond-expr",
        "locations": [
          {
            "start": { "line": 158, "column": 8 },
            "end": { "line": 158, "column": 28 }
          },
          {
            "start": { "line": 160, "column": 8 },
            "end": { "line": 172, "column": 13 }
          }
        ],
        "line": 157
      }
    },
    "s": {
      "0": 4,
      "1": 4,
      "2": 0,
      "3": 4,
      "4": 4,
      "5": 1,
      "6": 11,
      "7": 11,
      "8": 11,
      "9": 11,
      "10": 11,
      "11": 11,
      "12": 11,
      "13": 11,
      "14": 11,
      "15": 11,
      "16": 5,
      "17": 0,
      "18": 5,
      "19": 5,
      "20": 5,
      "21": 5,
      "22": 5,
      "23": 5,
      "24": 5,
      "25": 5,
      "26": 5,
      "27": 5,
      "28": 1,
      "29": 4,
      "30": 4,
      "31": 0,
      "32": 4,
      "33": 2,
      "34": 2,
      "35": 2,
      "36": 1,
      "37": 1,
      "38": 1,
      "39": 1,
      "40": 1,
      "41": 1,
      "42": 1,
      "43": 1,
      "44": 11,
      "45": 4,
      "46": 2
    },
    "f": {
      "0": 4,
      "1": 11,
      "2": 5,
      "3": 5,
      "4": 5,
      "5": 5,
      "6": 4,
      "7": 0,
      "8": 2,
      "9": 1,
      "10": 1,
      "11": 4,
      "12": 2
    },
    "b": {
      "0": [4],
      "1": [0, 4],
      "2": [0, 5],
      "3": [5, 4],
      "4": [1, 4],
      "5": [1, 1],
      "6": [1, 0],
      "7": [1, 10],
      "8": [7, 4]
    },
    "_coverageSchema": "1a1c01bbd47fc00a2c39e90264f33305004495a9",
    "hash": "2d678237875dbcfd019b1796e4c429ab472a52e3"
  }
}
