TN:
SF:src/components/BlogPost.jsx
FN:9,(anonymous_0)
FN:33,(anonymous_1)
FN:34,(anonymous_2)
FN:37,(anonymous_3)
FN:42,(anonymous_4)
FN:47,(anonymous_5)
FN:51,(anonymous_6)
FN:52,(anonymous_7)
FN:65,(anonymous_8)
FNF:9
FNH:8
FNDA:13,(anonymous_0)
FNDA:3,(anonymous_1)
FNDA:3,(anonymous_2)
FNDA:3,(anonymous_3)
FNDA:2,(anonymous_4)
FNDA:0,(anonymous_5)
FNDA:11,(anonymous_6)
FNDA:3,(anonymous_7)
FNDA:11,(anonymous_8)
DA:9,1
DA:21,13
DA:22,13
DA:23,13
DA:25,13
DA:27,13
DA:33,13
DA:34,3
DA:37,13
DA:38,3
DA:39,3
DA:42,13
DA:43,2
DA:44,2
DA:47,13
DA:48,0
DA:51,13
DA:52,11
DA:53,3
DA:57,0
DA:61,11
DA:62,3
DA:65,11
DA:66,11
DA:70,13
LF:25
LH:23
BRDA:19,0,0,0
BRDA:25,1,0,13
BRDA:25,1,1,0
BRDA:43,2,0,2
BRDA:43,2,1,0
BRDA:53,3,0,0
BRDA:53,3,1,3
BRDA:54,4,0,3
BRDA:54,4,1,3
BRDA:61,5,0,3
BRDA:61,5,1,8
BRDA:72,6,0,13
BRDA:72,6,1,0
BRDA:98,7,0,13
BRDA:98,7,1,13
BRDA:106,8,0,13
BRDA:106,8,1,3
BRDA:128,9,0,13
BRDA:128,9,1,10
BRDA:138,10,0,13
BRDA:138,10,1,3
BRF:21
BRH:16
end_of_record
TN:
SF:src/pages/CreatePost.jsx
FN:6,CreatePost
FN:24,(anonymous_1)
FN:32,(anonymous_2)
FN:33,(anonymous_3)
FN:45,(anonymous_4)
FN:52,(anonymous_5)
FN:85,(anonymous_6)
FN:107,(anonymous_7)
FN:111,(anonymous_8)
FN:121,(anonymous_9)
FN:137,(anonymous_10)
FN:146,(anonymous_11)
FNF:12
FNH:12
FNDA:16,CreatePost
FNDA:4,(anonymous_1)
FNDA:4,(anonymous_2)
FNDA:4,(anonymous_3)
FNDA:4,(anonymous_4)
FNDA:4,(anonymous_5)
FNDA:2,(anonymous_6)
FNDA:2,(anonymous_7)
FNDA:1,(anonymous_8)
FNDA:1,(anonymous_9)
FNDA:2,(anonymous_10)
FNDA:2,(anonymous_11)
DA:7,16
DA:8,16
DA:9,16
DA:10,16
DA:11,16
DA:12,16
DA:13,16
DA:14,16
DA:15,16
DA:18,16
DA:19,16
DA:20,16
DA:21,16
DA:22,16
DA:24,16
DA:25,4
DA:32,4
DA:34,4
DA:35,4
DA:36,4
DA:37,4
DA:38,4
DA:39,4
DA:40,4
DA:45,16
DA:46,4
DA:47,4
DA:49,4
DA:51,4
DA:52,4
DA:53,4
DA:56,4
DA:57,4
DA:59,4
DA:60,4
DA:71,4
DA:72,1
DA:75,3
DA:77,3
DA:78,3
DA:80,1
DA:81,1
DA:85,16
DA:86,2
DA:99,2
DA:108,2
DA:109,1
DA:112,1
DA:122,1
DA:123,1
DA:127,16
DA:137,2
DA:146,2
LF:53
LH:53
BRDA:47,0,0,0
BRDA:47,0,1,4
BRDA:71,1,0,1
BRDA:71,1,1,3
BRDA:108,2,0,1
BRDA:108,2,1,1
BRDA:165,3,0,16
BRDA:165,3,1,3
BRF:8
BRH:7
end_of_record
TN:
SF:src/pages/Profile.jsx
FN:11,formatDateTime
FN:30,(anonymous_1)
FN:46,(anonymous_2)
FN:57,(anonymous_3)
FN:58,(anonymous_4)
FN:71,(anonymous_5)
FN:75,(anonymous_6)
FN:79,(anonymous_7)
FN:87,handleDelete
FN:109,(anonymous_9)
FN:110,(anonymous_10)
FN:161,(anonymous_11)
FN:168,(anonymous_12)
FNF:13
FNH:12
FNDA:4,formatDateTime
FNDA:11,(anonymous_1)
FNDA:5,(anonymous_2)
FNDA:5,(anonymous_3)
FNDA:5,(anonymous_4)
FNDA:5,(anonymous_5)
FNDA:4,(anonymous_6)
FNDA:0,(anonymous_7)
FNDA:2,handleDelete
FNDA:1,(anonymous_9)
FNDA:1,(anonymous_10)
FNDA:4,(anonymous_11)
FNDA:2,(anonymous_12)
DA:12,4
DA:13,4
DA:15,4
DA:24,4
DA:30,1
DA:31,11
DA:33,11
DA:34,11
DA:35,11
DA:36,11
DA:37,11
DA:38,11
DA:41,11
DA:42,11
DA:46,11
DA:47,5
DA:50,5
DA:57,5
DA:59,5
DA:60,5
DA:61,5
DA:62,5
DA:63,5
DA:64,5
DA:67,5
DA:72,5
DA:73,4
DA:76,4
DA:80,0
DA:82,4
DA:88,2
DA:89,2
DA:99,2
DA:100,1
DA:101,1
DA:106,1
DA:107,1
DA:109,1
DA:110,1
DA:113,1
DA:117,11
DA:162,4
DA:168,2
LF:43
LH:42
BRDA:11,0,0,4
BRDA:13,1,0,0
BRDA:13,1,1,4
BRDA:47,2,0,0
BRDA:47,2,1,5
BRDA:64,3,0,5
BRDA:64,3,1,4
BRDA:72,4,0,1
BRDA:72,4,1,4
BRDA:99,5,0,1
BRDA:99,5,1,1
BRDA:102,6,0,1
BRDA:102,6,1,0
BRDA:121,7,0,1
BRDA:121,7,1,10
BRDA:157,8,0,7
BRDA:157,8,1,4
BRF:17
BRH:14
end_of_record
