TN:
SF:src/components/BlogPost.jsx
FN:9,(anonymous_0)
FN:33,(anonymous_1)
FN:34,(anonymous_2)
FN:37,(anonymous_3)
FN:42,(anonymous_4)
FN:47,(anonymous_5)
FN:51,(anonymous_6)
FN:52,(anonymous_7)
FN:65,(anonymous_8)
FNF:9
FNH:8
FNDA:9,(anonymous_0)
FNDA:2,(anonymous_1)
FNDA:2,(anonymous_2)
FNDA:2,(anonymous_3)
FNDA:2,(anonymous_4)
FNDA:0,(anonymous_5)
FNDA:7,(anonymous_6)
FNDA:2,(anonymous_7)
FNDA:7,(anonymous_8)
DA:9,1
DA:21,9
DA:22,9
DA:23,9
DA:25,9
DA:27,9
DA:33,9
DA:34,2
DA:37,9
DA:38,2
DA:39,2
DA:42,9
DA:43,2
DA:44,2
DA:47,9
DA:48,0
DA:51,9
DA:52,7
DA:53,2
DA:57,0
DA:61,7
DA:62,2
DA:65,7
DA:66,7
DA:70,9
LF:25
LH:23
BRDA:19,0,0,0
BRDA:25,1,0,9
BRDA:25,1,1,0
BRDA:43,2,0,2
BRDA:43,2,1,0
BRDA:53,3,0,0
BRDA:53,3,1,2
BRDA:54,4,0,2
BRDA:54,4,1,2
BRDA:61,5,0,2
BRDA:61,5,1,5
BRDA:72,6,0,9
BRDA:72,6,1,0
BRDA:98,7,0,9
BRDA:98,7,1,9
BRDA:106,8,0,9
BRDA:106,8,1,2
BRDA:128,9,0,9
BRDA:128,9,1,9
BRDA:138,10,0,9
BRDA:138,10,1,2
BRF:21
BRH:16
end_of_record
TN:
SF:src/pages/CreatePost.jsx
FN:5,CreatePost
FN:23,(anonymous_1)
FN:31,(anonymous_2)
FN:32,(anonymous_3)
FN:44,(anonymous_4)
FN:51,(anonymous_5)
FN:81,(anonymous_6)
FN:103,(anonymous_7)
FN:107,(anonymous_8)
FN:117,(anonymous_9)
FN:133,(anonymous_10)
FN:142,(anonymous_11)
FNF:12
FNH:12
FNDA:16,CreatePost
FNDA:4,(anonymous_1)
FNDA:4,(anonymous_2)
FNDA:4,(anonymous_3)
FNDA:4,(anonymous_4)
FNDA:4,(anonymous_5)
FNDA:2,(anonymous_6)
FNDA:2,(anonymous_7)
FNDA:1,(anonymous_8)
FNDA:1,(anonymous_9)
FNDA:2,(anonymous_10)
FNDA:2,(anonymous_11)
DA:6,16
DA:7,16
DA:8,16
DA:9,16
DA:10,16
DA:11,16
DA:12,16
DA:13,16
DA:14,16
DA:17,16
DA:18,16
DA:19,16
DA:20,16
DA:21,16
DA:23,16
DA:24,4
DA:31,4
DA:33,4
DA:34,4
DA:35,4
DA:36,4
DA:37,4
DA:38,4
DA:39,4
DA:44,16
DA:45,4
DA:46,4
DA:48,4
DA:50,4
DA:51,4
DA:52,4
DA:55,4
DA:56,4
DA:58,4
DA:59,4
DA:67,4
DA:68,1
DA:71,3
DA:73,3
DA:74,3
DA:76,1
DA:77,1
DA:81,16
DA:82,2
DA:95,2
DA:104,2
DA:105,1
DA:108,1
DA:118,1
DA:119,1
DA:123,16
DA:133,2
DA:142,2
LF:53
LH:53
BRDA:46,0,0,0
BRDA:46,0,1,4
BRDA:67,1,0,1
BRDA:67,1,1,3
BRDA:104,2,0,1
BRDA:104,2,1,1
BRDA:161,3,0,16
BRDA:161,3,1,3
BRF:8
BRH:7
end_of_record
TN:
SF:src/pages/Profile.jsx
FN:10,formatDateTime
FN:29,(anonymous_1)
FN:43,(anonymous_2)
FN:54,(anonymous_3)
FN:55,(anonymous_4)
FN:68,(anonymous_5)
FN:72,(anonymous_6)
FN:76,(anonymous_7)
FN:84,handleDelete
FN:106,(anonymous_9)
FN:107,(anonymous_10)
FN:158,(anonymous_11)
FN:165,(anonymous_12)
FNF:13
FNH:12
FNDA:3,formatDateTime
FNDA:7,(anonymous_1)
FNDA:3,(anonymous_2)
FNDA:3,(anonymous_3)
FNDA:3,(anonymous_4)
FNDA:3,(anonymous_5)
FNDA:3,(anonymous_6)
FNDA:0,(anonymous_7)
FNDA:2,handleDelete
FNDA:1,(anonymous_9)
FNDA:1,(anonymous_10)
FNDA:3,(anonymous_11)
FNDA:2,(anonymous_12)
DA:11,3
DA:12,3
DA:14,3
DA:23,3
DA:29,1
DA:30,7
DA:32,7
DA:33,7
DA:34,7
DA:35,7
DA:36,7
DA:37,7
DA:40,7
DA:41,7
DA:43,7
DA:44,3
DA:47,3
DA:54,3
DA:56,3
DA:57,3
DA:58,3
DA:59,3
DA:60,3
DA:61,3
DA:64,3
DA:69,3
DA:70,3
DA:73,3
DA:77,0
DA:79,3
DA:85,2
DA:86,2
DA:96,2
DA:97,1
DA:98,1
DA:103,1
DA:104,1
DA:106,1
DA:107,1
DA:110,1
DA:114,7
DA:159,3
DA:165,2
LF:43
LH:42
BRDA:10,0,0,3
BRDA:12,1,0,0
BRDA:12,1,1,3
BRDA:44,2,0,0
BRDA:44,2,1,3
BRDA:61,3,0,3
BRDA:61,3,1,3
BRDA:69,4,0,0
BRDA:69,4,1,3
BRDA:96,5,0,1
BRDA:96,5,1,1
BRDA:99,6,0,1
BRDA:99,6,1,0
BRDA:118,7,0,0
BRDA:118,7,1,7
BRDA:154,8,0,4
BRDA:154,8,1,3
BRF:17
BRH:12
end_of_record
